<?xml version="1.0" encoding="UTF-8"?>
<!-- Generated by org.testng.reporters.JUnitReportReporter -->
<testsuite hostname="Naman" failures="0" tests="1" name="agentside.editprofile" time="25.442" errors="0" timestamp="2024-04-08T15:10:22 IST" skipped="0">
  <testcase classname="agentside.editprofile" name="testValidLogin" time="25.442"/>
  <system-out/>
</testsuite> <!-- agentside.editprofile -->
