<?xml version="1.0" encoding="UTF-8"?>
<!-- Generated by org.testng.reporters.JUnitReportReporter -->
<testsuite hostname="Naman" failures="0" tests="1" name="agentside.dashboard" time="18.776" errors="0" timestamp="2024-03-08T17:29:41 IST" skipped="0">
  <testcase classname="agentside.dashboard" name="testValidLogin" time="18.776"/>
  <system-out/>
</testsuite> <!-- agentside.dashboard -->
